<?xml version="1.0" encoding="UTF-8"?>
<!-- Generated by org.testng.reporters.JUnitReportReporter -->
<testsuite hostname="DESKTOP-VDREITG" failures="0" tests="1" name="com.testNG.test.TestNGtest" time="0.014" errors="0" timestamp="2021-09-30T22:21:27 EDT" skipped="0">
  <testcase classname="com.testNG.test.TestNGtest" name="b" time="0.014"/>
  <system-out/>
</testsuite> <!-- com.testNG.test.TestNGtest -->
