<?xml version="1.0" encoding="UTF-8"?>
<!-- Generated by org.testng.reporters.JUnitReportReporter -->
<testsuite hostname="DESKTOP-VDREITG" failures="0" tests="1" name="com.interviewCoding.InterviewCodingTest" time="0.008" errors="0" timestamp="2021-09-28T22:27:27 EDT" skipped="0">
  <testcase classname="com.interviewCoding.InterviewCodingTest" name="removeDuplicate" time="0.008"/>
  <system-out/>
</testsuite> <!-- com.interviewCoding.InterviewCodingTest -->
