<?xml version="1.0" encoding="UTF-8"?>
<!-- Generated by org.testng.reporters.JUnitReportReporter -->
<testsuite hostname="DESKTOP-VDREITG" failures="0" tests="1" name="com.convertStringToInt.ConvertPractice" time="0.006" errors="0" timestamp="2021-10-17T22:54:04 EDT" skipped="0">
  <testcase classname="com.convertStringToInt.ConvertPractice" name="convertStringToInt" time="0.006"/>
  <system-out/>
</testsuite> <!-- com.convertStringToInt.ConvertPractice -->
